2021-06-02 22:53:56-719077 You had select Chrome browser!
2021-06-02 22:53:56-719077 You had select E:\Python\chromedriver_win32\chromedriver.exe 
2021-06-02 22:53:56-719077 The test server url is https://www.taobao.com/
2021-06-02 22:54:01-851310 Starting Chorme browser!
2021-06-02 22:54:04-876312 Open url https://www.taobao.com/ 
2021-06-02 22:54:04-879309 Set implicitly wait 10
2021-06-02 22:54:05-105308 Had find the element ' 千牛卖家中心
 ' successfully by id via value:J_SiteNavSeller
2021-06-02 22:54:05-455081 The mouse move on 千牛卖家中心

免费开店
已卖出的宝贝
出售中的宝贝
卖家服务市场
卖家培训中心
体检中心
问商友
2021-06-02 22:54:05-528081 Had find the elements  successfully by xpath via value://*[@id="J_SiteNavSeller"]/div[2]/div/a
2021-06-02 22:54:06-082080 Had find the element ' 千牛卖家中心

免费开店
已卖出的宝贝
出售中的宝贝
卖家服务市场
卖家培训中心
体检中心
问商友 ' successfully by id via value:J_SiteNavSeller
2021-06-02 22:54:10-371080 The element was click
2021-06-02 22:54:10-461020 Had find the element ' 密码登录 ' successfully by xpath via value://*[@id="login"]/div[2]/div/div[1]/a[1]
2021-06-02 22:54:11-536728 Click back to current page.
