2021-06-03 00:06:10-079142 You had select Chrome browser!
2021-06-03 00:06:10-079142 You had select E:\Python\chromedriver_win32\chromedriver.exe 
2021-06-03 00:06:10-080141 The test server url is https://www.taobao.com/
2021-06-03 00:06:15-471254 Starting Chorme browser!
2021-06-03 00:06:20-052545 Open url https://www.taobao.com/ 
2021-06-03 00:06:20-065542 Set implicitly wait 10
2021-06-03 00:06:20-235541 Had find the element ' 中国大陆 ' successfully by css selector via value:#J_SiteNavBd .site-nav-menu-hd .site-nav-region
2021-06-03 00:06:20-603512 The mouse move on 中国大陆
2021-06-03 00:06:20-670540 Had find the elements  successfully by xpath via value://*[@id="J_SiteNavRegionList"]/li
2021-06-03 00:06:22-242512 Had find the element ' 亲，请登录 ' successfully by xpath via value://*[@id="J_SiteNavLogin"]/div[1]/div[1]/a[1]
2021-06-03 00:06:22-420541 Had find the element ' 亲，请登录 ' successfully by xpath via value://*[@id="J_SiteNavLogin"]/div[1]/div[1]/a[1]
2021-06-03 00:06:29-369512 The element was click
2021-06-03 00:06:29-466442 Had find the element ' 密码登录 ' successfully by xpath via value://*[@id="login"]/div[2]/div/div[1]/a[1]
2021-06-03 00:06:30-887904 Click back to current page.
2021-06-03 00:06:31-179940 Had find the element ' 免费注册 ' successfully by xpath via value://*[@id="J_SiteNavLogin"]/div[1]/div[1]/a[2]
2021-06-03 00:06:33-752232 The element was click
2021-06-03 00:06:33-752232 Current page title is 注册
2021-06-03 00:06:34-727345 Click back to current page.
2021-06-03 00:06:34-849320 Had find the element ' 手机逛淘宝 ' successfully by id via value:J_SiteNavMobile
2021-06-03 00:06:38-395001 The element was click
2021-06-03 00:06:38-396004 Current page title is PC下载页
2021-06-03 00:06:39-699252 Click back to current page.
2021-06-03 00:06:39-835218 Had find the element ' 我的淘宝
 ' successfully by id via value:J_SiteNavMytaobao
2021-06-03 00:06:41-943255 The element was click
2021-06-03 00:06:42-009610 Had find the element ' 密码登录 ' successfully by xpath via value://*[@id="login"]/div[2]/div/div[1]/a[1]
2021-06-03 00:06:42-858271 Click back to current page.
2021-06-03 00:06:42-957723 Had find the element ' 我的淘宝
 ' successfully by id via value:J_SiteNavMytaobao
2021-06-03 00:06:43-288492 The mouse move on 我的淘宝

已买到的宝贝
我的足迹
2021-06-03 00:06:43-345665 Had find the elements  successfully by xpath via value://*[@id="J_SiteNavMytaobao"]/div[2]/div/a
2021-06-03 00:06:43-523441 Had find the element ' 
购物车
 ' successfully by id via value:J_MiniCart
2021-06-03 00:06:45-198438 The element was click
2021-06-03 00:06:45-262866 Had find the element ' 密码登录 ' successfully by xpath via value://*[@id="login"]/div[2]/div/div[1]/a[1]
2021-06-03 00:06:46-155237 Click back to current page.
2021-06-03 00:06:46-264837 Had find the element ' 
收藏夹
 ' successfully by xpath via value://*[@id="J_SiteNavFavor"]
2021-06-03 00:06:46-607050 The mouse move on 
收藏夹

收藏的宝贝
收藏的店铺
2021-06-03 00:06:46-668087 Had find the elements  successfully by xpath via value://*[@id="J_SiteNavFavor"]/div[2]/div/a
2021-06-03 00:06:46-871311 Had find the element ' 
收藏夹

收藏的宝贝
收藏的店铺 ' successfully by xpath via value://*[@id="J_SiteNavFavor"]
2021-06-03 00:06:48-502313 The element was click
2021-06-03 00:06:48-585313 Had find the element ' 密码登录 ' successfully by xpath via value://*[@id="login"]/div[2]/div/div[1]/a[1]
2021-06-03 00:06:56-071798 Click back to current page.
2021-06-03 00:06:56-633141 Had find the element ' 商品分类 ' successfully by xpath via value://*[@id="J_SiteNavCatalog"]/div/a/span
2021-06-03 00:07:02-142854 The element was click
2021-06-03 00:07:02-143866 Current page title is 淘宝首页行业市场
2021-06-03 00:07:03-303166 Click back to current page.
2021-06-03 00:07:03-560954 Had find the element ' 免费开店 ' successfully by xpath via value://*[@id="J_SiteNavFree"]/div/a/span
2021-06-03 00:07:07-715040 The element was click
2021-06-03 00:07:07-715040 Current page title is 新商家开店
2021-06-03 00:07:08-917999 Click back to current page.
2021-06-03 00:07:09-047999 Had find the element ' 千牛卖家中心
 ' successfully by id via value:J_SiteNavSeller
2021-06-03 00:07:09-366978 The mouse move on 千牛卖家中心

免费开店
已卖出的宝贝
出售中的宝贝
卖家服务市场
卖家培训中心
体检中心
问商友
2021-06-03 00:07:09-420979 Had find the elements  successfully by xpath via value://*[@id="J_SiteNavSeller"]/div[2]/div/a
2021-06-03 00:07:09-859977 Had find the element ' 千牛卖家中心

免费开店
已卖出的宝贝
出售中的宝贝
卖家服务市场
卖家培训中心
体检中心
问商友 ' successfully by id via value:J_SiteNavSeller
2021-06-03 00:07:11-158978 The element was click
2021-06-03 00:07:11-228204 Had find the element ' 密码登录 ' successfully by xpath via value://*[@id="login"]/div[2]/div/div[1]/a[1]
2021-06-03 00:07:11-884321 Click back to current page.
2021-06-03 00:07:12-002325 Had find the element ' 联系客服 ' successfully by xpath via value://*[@id="J_SiteNavService"]/div[1]/a/span
2021-06-03 00:07:12-313836 The mouse move on 联系客服
2021-06-03 00:07:12-352866 Had find the elements  successfully by xpath via value://*[@id="J_SiteNavService"]/div[2]/div/a
2021-06-03 00:07:12-462865 Had find the element ' 联系客服 ' successfully by xpath via value://*[@id="J_SiteNavService"]/div[1]/a/span
2021-06-03 00:07:13-512865 The element was click
2021-06-03 00:07:13-513865 Current page title is 服务中心
2021-06-03 00:07:14-730465 Click back to current page.
2021-06-03 00:07:14-827495 Had find the element ' 网站导航 ' successfully by xpath via value://*[@id="J_SiteNavSitemap"]/div[1]/a/span[2]
2021-06-03 00:07:15-136325 The mouse move on 网站导航
2021-06-03 00:07:15-213323 Had find the element ' 主题市场
女装
男装
内衣
鞋靴
箱包
婴童
家电
数码
手机
美妆
珠宝
眼镜
手表
运动
户外
乐器
游戏
动漫
影视
美食
鲜花
宠物
农资
房产
装修
建材
家居
百货
汽车
二手车
办公
定制
教育
卡券
本地
特色市场
全球购
极有家
阿里拍卖
淘宝众筹
飞猪
农资
天天特卖
Outlets
淘抢购
试用
量贩团
阿里翻译
阿里APP
淘宝
天猫
支付宝
聚划算
飞猪
蚂蚁聚宝
闲鱼
淘小铺
阿里钱盾
钉钉
高德地图
虾米音乐
淘票票
菜鸟裹裹
阿里云
网商银行
阿里邮箱
阿里众包
精彩推荐集
余额宝
大牌捡宝
淘公仔
浏览器
淘宝香港
淘宝台湾
淘宝全球
淘宝东南亚
闺蜜淘货
大众评审
淘工作
阿里巴巴认证 ' successfully by id via value:J_SiteMapBd
2021-06-03 00:07:15-746157 Had find the element ' 网站导航 ' successfully by xpath via value://*[@id="J_SiteNavSitemap"]/div[1]/a/span[2]
2021-06-03 00:07:16-776890 The element was click
2021-06-03 00:07:16-777891 Current page title is 网址导航
2021-06-03 00:07:17-469902 Click back to current page.
