2021-06-03 23:19:34-618061 You had select Chrome browser!
2021-06-03 23:19:34-619062 You had select E:\Python\chromedriver_win32\chromedriver.exe 
2021-06-03 23:19:34-619062 The test server url is https://www.taobao.com/
2021-06-03 23:19:39-618523 Starting Chorme browser!
2021-06-03 23:19:42-768518 Open url https://www.taobao.com/ 
2021-06-03 23:19:42-773519 Set implicitly wait 10
2021-06-03 23:19:43-042519 Had find the element ' 网站导航 ' successfully by xpath via value://*[@id="J_SiteNavSitemap"]/div[1]/a/span[2]
2021-06-03 23:19:44-226518 The element was click
2021-06-03 23:19:44-226518 Current page title is 网址导航
2021-06-03 23:19:45-060084 Click back to current page.
2021-06-03 23:19:45-087083 Synchronous execution of JS script: window.scrollTo(0, 0)
2021-06-03 23:19:45-601306 Synchronous execution of JS script: window.scrollTo(0, 200)
2021-06-03 23:19:46-112295 Synchronous execution of JS script: window.scrollTo(0, 400)
2021-06-03 23:19:46-640201 Synchronous execution of JS script: window.scrollTo(0, 600)
2021-06-03 23:19:47-148756 Synchronous execution of JS script: window.scrollTo(0, 800)
2021-06-03 23:19:47-657843 Synchronous execution of JS script: window.scrollTo(0, 1000)
2021-06-03 23:19:48-166791 Synchronous execution of JS script: window.scrollTo(0, 1200)
2021-06-03 23:19:48-678327 Synchronous execution of JS script: window.scrollTo(0, 1400)
2021-06-03 23:19:49-319019 Synchronous execution of JS script: window.scrollTo(0, 1600)
2021-06-03 23:19:50-354021 Synchronous execution of JS script: window.scrollTo(0, 1800)
2021-06-03 23:19:50-868018 Synchronous execution of JS script: window.scrollTo(0, 2000)
2021-06-03 23:19:53-449020 Synchronous execution of JS script: return action=document.body.scrollHeight
2021-06-03 23:19:53-459993 Synchronous execution of JS script: window.scrollTo(0, 2153)
2021-06-03 23:19:53-984430 Synchronous execution of JS script: window.scrollTo(0, 2353)
2021-06-03 23:19:54-496431 Synchronous execution of JS script: window.scrollTo(0, 2553)
2021-06-03 23:19:55-027430 Synchronous execution of JS script: window.scrollTo(0, 2753)
2021-06-03 23:19:55-558510 Synchronous execution of JS script: window.scrollTo(0, 2953)
2021-06-03 23:19:56-068087 Synchronous execution of JS script: window.scrollTo(0, 3153)
2021-06-03 23:19:56-578086 Synchronous execution of JS script: window.scrollTo(0, 3353)
2021-06-03 23:19:57-100669 Synchronous execution of JS script: window.scrollTo(0, 3553)
2021-06-03 23:19:57-614670 Synchronous execution of JS script: window.scrollTo(0, 3753)
2021-06-03 23:19:58-126667 Synchronous execution of JS script: window.scrollTo(0, 3953)
2021-06-03 23:19:58-636673 Synchronous execution of JS script: window.scrollTo(0, 4153)
2021-06-03 23:19:59-147206 Synchronous execution of JS script: window.scrollTo(0, 4353)
2021-06-03 23:19:59-670210 Synchronous execution of JS script: window.scrollTo(0, 4553)
2021-06-03 23:20:00-182557 Synchronous execution of JS script: window.scrollTo(0, 4753)
2021-06-03 23:20:00-692555 Synchronous execution of JS script: window.scrollTo(0, 4953)
2021-06-03 23:20:01-206074 Synchronous execution of JS script: window.scrollTo(0, 5153)
2021-06-03 23:20:03-717074 Synchronous execution of JS script: return action=document.body.scrollHeight
2021-06-03 23:20:03-727074 Synchronous execution of JS script: window.scrollTo(0, 5165)
2021-06-03 23:20:06-238587 Synchronous execution of JS script: return action=document.body.scrollHeight
